<?xml version="1.0" encoding="UTF-8"?>
<testng-results skipped="0" failed="0" ignored="0" total="1" passed="1">
  <reporter-output>
  </reporter-output>
  <suite name="Default suite" duration-ms="2675" started-at="2021-07-01T14:48:26 IST" finished-at="2021-07-01T14:48:28 IST">
    <groups>
    </groups>
    <test name="Default test" duration-ms="2675" started-at="2021-07-01T14:48:26 IST" finished-at="2021-07-01T14:48:28 IST">
      <class name="tests.XMLSchemaValidation">
        <test-method status="PASS" signature="schemaValidation()[pri:0, instance:tests.XMLSchemaValidation@4e7dc304]" name="schemaValidation" duration-ms="2636" started-at="2021-07-01T14:48:26 IST" finished-at="2021-07-01T14:48:28 IST">
          <reporter-output>
          </reporter-output>
        </test-method> <!-- schemaValidation -->
      </class> <!-- tests.XMLSchemaValidation -->
    </test> <!-- Default test -->
  </suite> <!-- Default suite -->
</testng-results>
